2021-08-10 19:02:52.001  INFO [USER-SERVICE,,,] 37640 --- [restartedMain] c.c.c.ConfigServicePropertySourceLocator : Fetching config from server at : http://localhost:8087
2021-08-10 19:02:52.553  INFO [USER-SERVICE,,,] 37640 --- [restartedMain] c.c.c.ConfigServicePropertySourceLocator : Located environment: name=USER-SERVICE, profiles=[default], label=null, version=c27478abbbd12e3b9b18d6ef98f7d48ea4bdca11, state=null
2021-08-10 19:02:52.553  INFO [USER-SERVICE,,,] 37640 --- [restartedMain] b.c.PropertySourceBootstrapConfiguration : Located property source: [BootstrapPropertySource {name='bootstrapProperties-configClient'}, BootstrapPropertySource {name='bootstrapProperties-https://github.com/ashukcs/cloud-config-server/file:C:\Users\52089260\AppData\Local\Temp\config-repo-6213837392733767389\application.yml'}]
2021-08-10 19:02:52.564  INFO [USER-SERVICE,,,] 37640 --- [restartedMain] c.h.userservice.UserServiceApplication   : No active profile set, falling back to default profiles: default
2021-08-10 19:02:53.400  INFO [USER-SERVICE,,,] 37640 --- [restartedMain] .s.d.r.c.RepositoryConfigurationDelegate : Bootstrapping Spring Data MongoDB repositories in DEFAULT mode.
2021-08-10 19:02:53.416  INFO [USER-SERVICE,,,] 37640 --- [restartedMain] .s.d.r.c.RepositoryConfigurationDelegate : Finished Spring Data repository scanning in 15ms. Found 1 MongoDB repository interfaces.
2021-08-10 19:02:53.590  INFO [USER-SERVICE,,,] 37640 --- [restartedMain] o.s.cloud.context.scope.GenericScope     : BeanFactory id=01bc3186-acd8-3e29-bc7a-1dba5e4659d1
2021-08-10 19:02:54.042  INFO [USER-SERVICE,,,] 37640 --- [restartedMain] o.s.b.w.embedded.tomcat.TomcatWebServer  : Tomcat initialized with port(s): 8080 (http)
2021-08-10 19:02:54.044  INFO [USER-SERVICE,,,] 37640 --- [restartedMain] o.apache.catalina.core.StandardService   : Starting service [Tomcat]
2021-08-10 19:02:54.044  INFO [USER-SERVICE,,,] 37640 --- [restartedMain] org.apache.catalina.core.StandardEngine  : Starting Servlet engine: [Apache Tomcat/9.0.39]
2021-08-10 19:02:54.075  INFO [USER-SERVICE,,,] 37640 --- [restartedMain] o.a.c.c.C.[Tomcat].[localhost].[/]       : Initializing Spring embedded WebApplicationContext
2021-08-10 19:02:54.075  INFO [USER-SERVICE,,,] 37640 --- [restartedMain] w.s.c.ServletWebServerApplicationContext : Root WebApplicationContext: initialization completed in 1506 ms
2021-08-10 19:02:55.024  WARN [USER-SERVICE,,,] 37640 --- [restartedMain] o.s.data.convert.CustomConversions       : Registering converter from class java.time.LocalDateTime to class org.joda.time.LocalDateTime as reading converter although it doesn't convert from a store-supported type! You might want to check your annotation setup at the converter implementation.
2021-08-10 19:02:55.088  WARN [USER-SERVICE,,,] 37640 --- [restartedMain] o.s.b.d.a.OptionalLiveReloadServer       : Unable to start LiveReload server
2021-08-10 19:02:55.161  INFO [USER-SERVICE,,,] 37640 --- [restartedMain] org.mongodb.driver.cluster               : Cluster created with settings {hosts=[localhost:27017], mode=SINGLE, requiredClusterType=UNKNOWN, serverSelectionTimeout='30000 ms'}
2021-08-10 19:02:55.166  INFO [USER-SERVICE,,,] 37640 --- [cluster-ClusterId{value='61128007cae9df5d565e3a5e', description='null'}-localhost:27017] org.mongodb.driver.connection            : Opened connection [connectionId{localValue:2, serverValue:213}] to localhost:27017
2021-08-10 19:02:55.169  INFO [USER-SERVICE,,,] 37640 --- [cluster-ClusterId{value='61128007cae9df5d565e3a5e', description='null'}-localhost:27017] org.mongodb.driver.cluster               : Monitor thread successfully connected to server with description ServerDescription{address=localhost:27017, type=STANDALONE, state=CONNECTED, ok=true, minWireVersion=0, maxWireVersion=8, maxDocumentSize=16777216, logicalSessionTimeoutMinutes=30, roundTripTimeNanos=593921}
2021-08-10 19:02:55.182  WARN [USER-SERVICE,,,] 37640 --- [restartedMain] o.s.data.convert.CustomConversions       : Registering converter from class java.time.LocalDateTime to class org.joda.time.LocalDateTime as reading converter although it doesn't convert from a store-supported type! You might want to check your annotation setup at the converter implementation.
2021-08-10 19:02:55.557  WARN [USER-SERVICE,,,] 37640 --- [restartedMain] c.n.c.sources.URLConfigurationSource     : No URLs will be polled as dynamic configuration sources.
2021-08-10 19:02:55.557  INFO [USER-SERVICE,,,] 37640 --- [restartedMain] c.n.c.sources.URLConfigurationSource     : To enable URLs as dynamic configuration sources, define System property archaius.configurationSource.additionalUrls or make config.properties available on classpath.
2021-08-10 19:02:55.726  INFO [USER-SERVICE,,,] 37640 --- [restartedMain] o.s.s.concurrent.ThreadPoolTaskExecutor  : Initializing ExecutorService 'applicationTaskExecutor'
2021-08-10 19:02:56.299  INFO [USER-SERVICE,,,] 37640 --- [restartedMain] DiscoveryClientOptionalArgsConfiguration : Eureka HTTP Client uses Jersey
2021-08-10 19:02:56.513  WARN [USER-SERVICE,,,] 37640 --- [restartedMain] ockingLoadBalancerClientRibbonWarnLogger : You already have RibbonLoadBalancerClient on your classpath. It will be used by default. As Spring Cloud Ribbon is in maintenance mode. We recommend switching to BlockingLoadBalancerClient instead. In order to use it, set the value of `spring.cloud.loadbalancer.ribbon.enabled` to `false` or remove spring-cloud-starter-netflix-ribbon from your project.
2021-08-10 19:02:56.961  INFO [USER-SERVICE,,,] 37640 --- [restartedMain] o.s.c.n.eureka.InstanceInfoFactory       : Setting initial instance status as: STARTING
2021-08-10 19:02:56.964  INFO [USER-SERVICE,,,] 37640 --- [restartedMain] com.netflix.discovery.DiscoveryClient    : Initializing Eureka in region us-east-1
2021-08-10 19:02:56.971  INFO [USER-SERVICE,,,] 37640 --- [restartedMain] c.n.d.provider.DiscoveryJerseyProvider   : Using JSON encoding codec LegacyJacksonJson
2021-08-10 19:02:56.971  INFO [USER-SERVICE,,,] 37640 --- [restartedMain] c.n.d.provider.DiscoveryJerseyProvider   : Using JSON decoding codec LegacyJacksonJson
2021-08-10 19:02:56.972  INFO [USER-SERVICE,,,] 37640 --- [restartedMain] c.n.d.provider.DiscoveryJerseyProvider   : Using XML encoding codec XStreamXml
2021-08-10 19:02:56.972  INFO [USER-SERVICE,,,] 37640 --- [restartedMain] c.n.d.provider.DiscoveryJerseyProvider   : Using XML decoding codec XStreamXml
2021-08-10 19:02:57.030  INFO [USER-SERVICE,,,] 37640 --- [restartedMain] c.n.d.s.r.aws.ConfigClusterResolver      : Resolving eureka endpoints via configuration
2021-08-10 19:02:57.032  INFO [USER-SERVICE,,,] 37640 --- [restartedMain] com.netflix.discovery.DiscoveryClient    : Disable delta property : false
2021-08-10 19:02:57.032  INFO [USER-SERVICE,,,] 37640 --- [restartedMain] com.netflix.discovery.DiscoveryClient    : Single vip registry refresh property : null
2021-08-10 19:02:57.032  INFO [USER-SERVICE,,,] 37640 --- [restartedMain] com.netflix.discovery.DiscoveryClient    : Force full registry fetch : false
2021-08-10 19:02:57.032  INFO [USER-SERVICE,,,] 37640 --- [restartedMain] com.netflix.discovery.DiscoveryClient    : Application is null : false
2021-08-10 19:02:57.032  INFO [USER-SERVICE,,,] 37640 --- [restartedMain] com.netflix.discovery.DiscoveryClient    : Registered Applications size is zero : true
2021-08-10 19:02:57.032  INFO [USER-SERVICE,,,] 37640 --- [restartedMain] com.netflix.discovery.DiscoveryClient    : Application version is -1: true
2021-08-10 19:02:57.032  INFO [USER-SERVICE,,,] 37640 --- [restartedMain] com.netflix.discovery.DiscoveryClient    : Getting all instance registry info from the eureka server
2021-08-10 19:02:57.042  INFO [USER-SERVICE,,,] 37640 --- [restartedMain] com.netflix.discovery.DiscoveryClient    : The response status is 200
2021-08-10 19:02:57.044  INFO [USER-SERVICE,,,] 37640 --- [restartedMain] com.netflix.discovery.DiscoveryClient    : Starting heartbeat executor: renew interval is: 30
2021-08-10 19:02:57.044  INFO [USER-SERVICE,,,] 37640 --- [restartedMain] c.n.discovery.InstanceInfoReplicator     : InstanceInfoReplicator onDemand update allowed rate per min is 4
2021-08-10 19:02:57.045  INFO [USER-SERVICE,,,] 37640 --- [restartedMain] com.netflix.discovery.DiscoveryClient    : Discovery Client initialized at timestamp 1628602377045 with initial instances count: 4
2021-08-10 19:02:57.054  INFO [USER-SERVICE,,,] 37640 --- [restartedMain] o.s.c.n.e.s.EurekaServiceRegistry        : Registering application USER-SERVICE with eureka with status UP
2021-08-10 19:02:57.054  INFO [USER-SERVICE,,,] 37640 --- [restartedMain] com.netflix.discovery.DiscoveryClient    : Saw local status change event StatusChangeEvent [timestamp=1628602377054, current=UP, previous=STARTING]
2021-08-10 19:02:57.055  INFO [USER-SERVICE,,,] 37640 --- [DiscoveryClient-InstanceInfoReplicator-0] com.netflix.discovery.DiscoveryClient    : DiscoveryClient_USER-SERVICE/NODLTP52089260.mshome.net:USER-SERVICE:8080: registering service...
2021-08-10 19:02:57.062  INFO [USER-SERVICE,,,] 37640 --- [DiscoveryClient-InstanceInfoReplicator-0] com.netflix.discovery.DiscoveryClient    : DiscoveryClient_USER-SERVICE/NODLTP52089260.mshome.net:USER-SERVICE:8080 - registration status: 204
2021-08-10 19:02:57.064  INFO [USER-SERVICE,,,] 37640 --- [restartedMain] o.s.b.w.embedded.tomcat.TomcatWebServer  : Tomcat started on port(s): 8080 (http) with context path ''
2021-08-10 19:02:57.065  INFO [USER-SERVICE,,,] 37640 --- [restartedMain] .s.c.n.e.s.EurekaAutoServiceRegistration : Updating port to 8080
2021-08-10 19:02:57.348  INFO [USER-SERVICE,,,] 37640 --- [restartedMain] c.h.userservice.UserServiceApplication   : Started UserServiceApplication in 5.835 seconds (JVM running for 553.999)
2021-08-10 19:02:57.354  INFO [USER-SERVICE,,,] 37640 --- [restartedMain] .ConditionEvaluationDeltaLoggingListener : Condition evaluation unchanged
2021-08-10 19:05:25.997  INFO [USER-SERVICE,,,] 37640 --- [Thread-14] o.s.c.n.e.s.EurekaServiceRegistry        : Unregistering application USER-SERVICE with eureka with status DOWN
2021-08-10 19:05:25.998  INFO [USER-SERVICE,,,] 37640 --- [Thread-14] com.netflix.discovery.DiscoveryClient    : Saw local status change event StatusChangeEvent [timestamp=1628602525998, current=DOWN, previous=UP]
2021-08-10 19:05:25.999  INFO [USER-SERVICE,,,] 37640 --- [DiscoveryClient-InstanceInfoReplicator-0] com.netflix.discovery.DiscoveryClient    : DiscoveryClient_USER-SERVICE/NODLTP52089260.mshome.net:USER-SERVICE:8080: registering service...
2021-08-10 19:05:26.008  INFO [USER-SERVICE,,,] 37640 --- [DiscoveryClient-InstanceInfoReplicator-0] com.netflix.discovery.DiscoveryClient    : DiscoveryClient_USER-SERVICE/NODLTP52089260.mshome.net:USER-SERVICE:8080 - registration status: 204
2021-08-10 19:05:26.159  INFO [USER-SERVICE,,,] 37640 --- [Thread-14] o.s.s.concurrent.ThreadPoolTaskExecutor  : Shutting down ExecutorService 'applicationTaskExecutor'
2021-08-10 19:05:27.163  WARN [USER-SERVICE,,,] 37640 --- [Thread-14] o.s.b.f.support.DisposableBeanAdapter    : Destroy method 'close' on bean with name 'traceHookRegisteringBeanDefinitionRegistryPostProcessor' threw an exception: java.lang.NoSuchMethodError: reactor.core.publisher.Hooks.removeQueueWrapper(Ljava/lang/String;)V
2021-08-10 19:05:27.164  INFO [USER-SERVICE,,,] 37640 --- [Thread-14] com.netflix.discovery.DiscoveryClient    : Shutting down DiscoveryClient ...
2021-08-10 19:05:30.170  INFO [USER-SERVICE,,,] 37640 --- [Thread-14] com.netflix.discovery.DiscoveryClient    : Unregistering ...
2021-08-10 19:05:30.176  INFO [USER-SERVICE,,,] 37640 --- [Thread-14] com.netflix.discovery.DiscoveryClient    : DiscoveryClient_USER-SERVICE/NODLTP52089260.mshome.net:USER-SERVICE:8080 - deregister  status: 200
2021-08-10 19:05:30.189  INFO [USER-SERVICE,,,] 37640 --- [Thread-14] com.netflix.discovery.DiscoveryClient    : Completed shut down of DiscoveryClient
